#
# A fatal error has been detected by the Java Runtime Environment:
#
#  Internal Error (t:/workspace/open/src/hotspot/share/oops/generateOopMap.cpp:2164), pid=17612, tid=3768
#  fatal error: Illegal class file encountered. Try running with -Xverify:all in method addUserToTicket
#
# JRE version: Java(TM) SE Runtime Environment (11.0.6+8) (build 11.0.6+8-LTS)
# Java VM: Java HotSpot(TM) 64-Bit Server VM (11.0.6+8-LTS, mixed mode, tiered, compressed oops, g1 gc, windows-amd64)
# No core dump will be written. Minidumps are not enabled by default on client versions of Windows
#
# If you would like to submit a bug report, please visit:
#   http://bugreport.java.com/bugreport/crash.jsp
#

---------------  S U M M A R Y ------------

Command Line: -Dorg.gradle.native=false -agentlib:jdwp=transport=dt_socket,server=n,suspend=y,address=58454 -Xmx512m -Dfile.encoding=windows-1252 -Duser.country=GB -Duser.language=en -Duser.variant -ea worker.org.gradle.process.internal.worker.GradleWorkerMain 'Gradle Test Executor 4'

Host: Intel(R) Core(TM) i7-9700K CPU @ 3.60GHz, 8 cores, 15G,  Windows 10 , 64 bit Build 18362 (10.0.18362.1110)
Time: Sun Dec 20 01:20:36 2020 GMT Standard Time elapsed time: 642 seconds (0d 0h 10m 42s)

---------------  T H R E A D  ---------------

Current thread (0x000002b65fc32000):  VMThread "VM Thread" [stack: 0x000000f7de600000,0x000000f7de700000] [id=3768]

Stack: [0x000000f7de600000,0x000000f7de700000]
[error occurred during error reporting (printing stack bounds), id 0xc0000005, EXCEPTION_ACCESS_VIOLATION (0xc0000005) at pc=0x000002b64cb90bad]

Native frames: (J=compiled Java code, j=interpreted, Vv=VM code, C=native code)
V  [jvm.dll+0x63679a]
V  [jvm.dll+0x7755bf]
V  [jvm.dll+0x776c65]
V  [jvm.dll+0x777235]
V  [jvm.dll+0x7771eb]
V  [jvm.dll+0x635e96]
V  [jvm.dll+0x636268]
C  [ntdll.dll+0xa184f]
C  [ntdll.dll+0x6a889]
C  [ntdll.dll+0xa04be]
C  0x000002b64cb90bad

VM_Operation (0x000000f7deeff640): GetOrSetLocal, mode: safepoint, requested by thread 0x000002b660693000


---------------  P R O C E S S  ---------------

Threads class SMR info:
_java_thread_list=0x000002b66186ffe0, length=16, elements={
0x000002b64480d800, 0x000002b660464800, 0x000002b660470000, 0x000002b65fc37000,
0x000002b65fc38000, 0x000002b65fc3b000, 0x000002b6604c2000, 0x000002b6604c6800,
0x000002b660693000, 0x000002b660696000, 0x000002b66069f000, 0x000002b6606ad800,
0x000002b6605fc800, 0x000002b6613eb000, 0x000002b6613e1000, 0x000002b66186d800
}

Java Threads: ( => current thread )
  0x000002b64480d800 JavaThread "main" [_thread_blocked, id=5988, stack(0x000000f7de000000,0x000000f7de100000)]
  0x000002b660464800 JavaThread "Reference Handler" daemon [_thread_blocked, id=18716, stack(0x000000f7de700000,0x000000f7de800000)]
  0x000002b660470000 JavaThread "Finalizer" daemon [_thread_blocked, id=16988, stack(0x000000f7de800000,0x000000f7de900000)]
  0x000002b65fc37000 JavaThread "Signal Dispatcher" daemon [_thread_blocked, id=1480, stack(0x000000f7de900000,0x000000f7dea00000)]
  0x000002b65fc38000 JavaThread "Attach Listener" daemon [_thread_blocked, id=9236, stack(0x000000f7dea00000,0x000000f7deb00000)]
  0x000002b65fc3b000 JavaThread "C2 CompilerThread0" daemon [_thread_blocked, id=2444, stack(0x000000f7deb00000,0x000000f7dec00000)]
  0x000002b6604c2000 JavaThread "C1 CompilerThread0" daemon [_thread_blocked, id=20296, stack(0x000000f7dec00000,0x000000f7ded00000)]
  0x000002b6604c6800 JavaThread "Sweeper thread" daemon [_thread_blocked, id=8052, stack(0x000000f7ded00000,0x000000f7dee00000)]
  0x000002b660693000 JavaThread "JDWP Transport Listener: dt_socket" daemon [_thread_blocked, id=4364, stack(0x000000f7dee00000,0x000000f7def00000)] _threads_hazard_ptr=0x000002b66186ffe0
  0x000002b660696000 JavaThread "JDWP Event Helper Thread" daemon [_thread_blocked, id=20184, stack(0x000000f7def00000,0x000000f7df000000)]
  0x000002b66069f000 JavaThread "JDWP Command Reader" daemon [_thread_in_native, id=6716, stack(0x000000f7df000000,0x000000f7df100000)]
  0x000002b6606ad800 JavaThread "Service Thread" daemon [_thread_blocked, id=20712, stack(0x000000f7df100000,0x000000f7df200000)]
  0x000002b6605fc800 JavaThread "Common-Cleaner" daemon [_thread_blocked, id=13392, stack(0x000000f7df300000,0x000000f7df400000)]
  0x000002b6613eb000 JavaThread "Test worker" [_thread_blocked, id=17824, stack(0x000000f7df600000,0x000000f7df700000)]
  0x000002b6613e1000 JavaThread "/127.0.0.1:58458 to /127.0.0.1:58456 workers Thread 2" [_thread_blocked, id=20768, stack(0x000000f7df400000,0x000000f7df500000)]
  0x000002b66186d800 JavaThread "/127.0.0.1:58458 to /127.0.0.1:58456 workers Thread 3" [_thread_in_native, id=11672, stack(0x000000f7df700000,0x000000f7df800000)]

Other Threads:
=>0x000002b65fc32000 VMThread "VM Thread" [stack: 0x000000f7de600000,0x000000f7de700000] [id=3768]
  0x000002b6606b2000 WatcherThread [stack: 0x000000f7df200000,0x000000f7df300000] [id=10900]
  0x000002b644823800 GCTaskThread "GC Thread#0" [stack: 0x000000f7de100000,0x000000f7de200000] [id=7984]
  0x000002b6617ac000 GCTaskThread "GC Thread#1" [stack: 0x000000f7df900000,0x000000f7dfa00000] [id=17184]
  0x000002b6617ac800 GCTaskThread "GC Thread#2" [stack: 0x000000f7dfa00000,0x000000f7dfb00000] [id=15736]
  0x000002b6618b8000 GCTaskThread "GC Thread#3" [stack: 0x000000f7dfb00000,0x000000f7dfc00000] [id=16292]
  0x000002b6618b9000 GCTaskThread "GC Thread#4" [stack: 0x000000f7dfc00000,0x000000f7dfd00000] [id=16208]
  0x000002b661b68000 GCTaskThread "GC Thread#5" [stack: 0x000000f7dfd00000,0x000000f7dfe00000] [id=10724]
  0x000002b661b68800 GCTaskThread "GC Thread#6" [stack: 0x000000f7dfe00000,0x000000f7dff00000] [id=11272]
  0x000002b661de1800 GCTaskThread "GC Thread#7" [stack: 0x000000f7dff00000,0x000000f7e0000000] [id=2672]
  0x000002b644836000 ConcurrentGCThread "G1 Main Marker" [stack: 0x000000f7de200000,0x000000f7de300000] [id=16876]
  0x000002b644838800 ConcurrentGCThread "G1 Conc#0" [stack: 0x000000f7de300000,0x000000f7de400000] [id=16948]
  0x000002b66230b800 ConcurrentGCThread "G1 Conc#1" [stack: 0x000000f7e0000000,0x000000f7e0100000] [id=15512]
  0x000002b6448de000 ConcurrentGCThread "G1 Refine#0" [stack: 0x000000f7de400000,0x000000f7de500000] [id=11180]
  0x000002b65fa98800 ConcurrentGCThread "G1 Young RemSet Sampling" [stack: 0x000000f7de500000,0x000000f7de600000] [id=15100]

Threads with active compile tasks:

VM state:at safepoint (normal execution)

VM Mutex/Monitor currently owned by a thread:  ([mutex/lock_event])
[0x000002b64480a630] Threads_lock - owner thread: 0x000002b65fc32000

Heap address: 0x00000000e0000000, size: 512 MB, Compressed Oops mode: 32-bit
Narrow klass base: 0x0000000000000000, Narrow klass shift: 3
Compressed class space size: 1073741824 Address: 0x0000000100000000

Heap:
 garbage-first heap   total 260096K, used 15508K [0x00000000e0000000, 0x0000000100000000)
  region size 1024K, 9 young (9216K), 5 survivors (5120K)
 Metaspace       used 35002K, capacity 36036K, committed 36224K, reserved 1081344K
  class space    used 4551K, capacity 4965K, committed 4992K, reserved 1048576K
Heap Regions: E=young(eden), S=young(survivor), O=old, HS=humongous(starts), HC=humongous(continues), CS=collection set, F=free, A=archive, TAMS=top-at-mark-start (previous, next)
|   0|0x00000000e0000000, 0x00000000e0100000, 0x00000000e0100000|100%|HS|  |TAMS 0x00000000e0100000, 0x00000000e0000000| Complete 
|   1|0x00000000e0100000, 0x00000000e0200000, 0x00000000e0200000|100%| O|  |TAMS 0x00000000e0200000, 0x00000000e0100000| Untracked 
|   2|0x00000000e0200000, 0x00000000e0300000, 0x00000000e0300000|100%| O|  |TAMS 0x00000000e0300000, 0x00000000e0200000| Untracked 
|   3|0x00000000e0300000, 0x00000000e0400000, 0x00000000e0400000|100%| O|  |TAMS 0x00000000e0400000, 0x00000000e0300000| Untracked 
|   4|0x00000000e0400000, 0x00000000e0500000, 0x00000000e0500000|100%| O|  |TAMS 0x00000000e0500000, 0x00000000e0400000| Untracked 
|   5|0x00000000e0500000, 0x00000000e0600000, 0x00000000e0600000|100%| O|  |TAMS 0x00000000e0600000, 0x00000000e0500000| Untracked 
|   6|0x00000000e0600000, 0x00000000e0700000, 0x00000000e0700000|100%| O|  |TAMS 0x00000000e0700000, 0x00000000e0600000| Untracked 
|   7|0x00000000e0700000, 0x00000000e07fd400, 0x00000000e0800000| 98%| O|  |TAMS 0x00000000e07fd400, 0x00000000e0700000| Untracked 
|   8|0x00000000e0800000, 0x00000000e0800000, 0x00000000e0900000|  0%| F|  |TAMS 0x00000000e0800000, 0x00000000e0800000| Untracked 
|   9|0x00000000e0900000, 0x00000000e0900000, 0x00000000e0a00000|  0%| F|  |TAMS 0x00000000e0900000, 0x00000000e0900000| Untracked 
|  10|0x00000000e0a00000, 0x00000000e0a00000, 0x00000000e0b00000|  0%| F|  |TAMS 0x00000000e0a00000, 0x00000000e0a00000| Untracked 
|  11|0x00000000e0b00000, 0x00000000e0b00000, 0x00000000e0c00000|  0%| F|  |TAMS 0x00000000e0b00000, 0x00000000e0b00000| Untracked 
|  12|0x00000000e0c00000, 0x00000000e0c00000, 0x00000000e0d00000|  0%| F|  |TAMS 0x00000000e0c00000, 0x00000000e0c00000| Untracked 
|  13|0x00000000e0d00000, 0x00000000e0d00000, 0x00000000e0e00000|  0%| F|  |TAMS 0x00000000e0d00000, 0x00000000e0d00000| Untracked 
|  14|0x00000000e0e00000, 0x00000000e0e00000, 0x00000000e0f00000|  0%| F|  |TAMS 0x00000000e0e00000, 0x00000000e0e00000| Untracked 
|  15|0x00000000e0f00000, 0x00000000e0f00000, 0x00000000e1000000|  0%| F|  |TAMS 0x00000000e0f00000, 0x00000000e0f00000| Untracked 
|  16|0x00000000e1000000, 0x00000000e1000000, 0x00000000e1100000|  0%| F|  |TAMS 0x00000000e1000000, 0x00000000e1000000| Untracked 
|  17|0x00000000e1100000, 0x00000000e1100000, 0x00000000e1200000|  0%| F|  |TAMS 0x00000000e1100000, 0x00000000e1100000| Untracked 
|  18|0x00000000e1200000, 0x00000000e1200000, 0x00000000e1300000|  0%| F|  |TAMS 0x00000000e1200000, 0x00000000e1200000| Untracked 
|  19|0x00000000e1300000, 0x00000000e1300000, 0x00000000e1400000|  0%| F|  |TAMS 0x00000000e1300000, 0x00000000e1300000| Untracked 
|  20|0x00000000e1400000, 0x00000000e1400000, 0x00000000e1500000|  0%| F|  |TAMS 0x00000000e1400000, 0x00000000e1400000| Untracked 
|  21|0x00000000e1500000, 0x00000000e1500000, 0x00000000e1600000|  0%| F|  |TAMS 0x00000000e1500000, 0x00000000e1500000| Untracked 
|  22|0x00000000e1600000, 0x00000000e1600000, 0x00000000e1700000|  0%| F|  |TAMS 0x00000000e1600000, 0x00000000e1600000| Untracked 
|  23|0x00000000e1700000, 0x00000000e1700000, 0x00000000e1800000|  0%| F|  |TAMS 0x00000000e1700000, 0x00000000e1700000| Untracked 
|  24|0x00000000e1800000, 0x00000000e1800000, 0x00000000e1900000|  0%| F|  |TAMS 0x00000000e1800000, 0x00000000e1800000| Untracked 
|  25|0x00000000e1900000, 0x00000000e1900000, 0x00000000e1a00000|  0%| F|  |TAMS 0x00000000e1900000, 0x00000000e1900000| Untracked 
|  26|0x00000000e1a00000, 0x00000000e1a00000, 0x00000000e1b00000|  0%| F|  |TAMS 0x00000000e1a00000, 0x00000000e1a00000| Untracked 
|  27|0x00000000e1b00000, 0x00000000e1b00000, 0x00000000e1c00000|  0%| F|  |TAMS 0x00000000e1b00000, 0x00000000e1b00000| Untracked 
|  28|0x00000000e1c00000, 0x00000000e1c00000, 0x00000000e1d00000|  0%| F|  |TAMS 0x00000000e1c00000, 0x00000000e1c00000| Untracked 
|  29|0x00000000e1d00000, 0x00000000e1d00000, 0x00000000e1e00000|  0%| F|  |TAMS 0x00000000e1d00000, 0x00000000e1d00000| Untracked 
|  30|0x00000000e1e00000, 0x00000000e1e00000, 0x00000000e1f00000|  0%| F|  |TAMS 0x00000000e1e00000, 0x00000000e1e00000| Untracked 
|  31|0x00000000e1f00000, 0x00000000e1f00000, 0x00000000e2000000|  0%| F|  |TAMS 0x00000000e1f00000, 0x00000000e1f00000| Untracked 
|  32|0x00000000e2000000, 0x00000000e2000000, 0x00000000e2100000|  0%| F|  |TAMS 0x00000000e2000000, 0x00000000e2000000| Untracked 
|  33|0x00000000e2100000, 0x00000000e2100000, 0x00000000e2200000|  0%| F|  |TAMS 0x00000000e2100000, 0x00000000e2100000| Untracked 
|  34|0x00000000e2200000, 0x00000000e2200000, 0x00000000e2300000|  0%| F|  |TAMS 0x00000000e2200000, 0x00000000e2200000| Untracked 
|  35|0x00000000e2300000, 0x00000000e2300000, 0x00000000e2400000|  0%| F|  |TAMS 0x00000000e2300000, 0x00000000e2300000| Untracked 
|  36|0x00000000e2400000, 0x00000000e2400000, 0x00000000e2500000|  0%| F|  |TAMS 0x00000000e2400000, 0x00000000e2400000| Untracked 
|  37|0x00000000e2500000, 0x00000000e2500000, 0x00000000e2600000|  0%| F|  |TAMS 0x00000000e2500000, 0x00000000e2500000| Untracked 
|  38|0x00000000e2600000, 0x00000000e2600000, 0x00000000e2700000|  0%| F|  |TAMS 0x00000000e2600000, 0x00000000e2600000| Untracked 
|  39|0x00000000e2700000, 0x00000000e2700000, 0x00000000e2800000|  0%| F|  |TAMS 0x00000000e2700000, 0x00000000e2700000| Untracked 
|  40|0x00000000e2800000, 0x00000000e2800000, 0x00000000e2900000|  0%| F|  |TAMS 0x00000000e2800000, 0x00000000e2800000| Untracked 
|  41|0x00000000e2900000, 0x00000000e2900000, 0x00000000e2a00000|  0%| F|  |TAMS 0x00000000e2900000, 0x00000000e2900000| Untracked 
|  42|0x00000000e2a00000, 0x00000000e2a00000, 0x00000000e2b00000|  0%| F|  |TAMS 0x00000000e2a00000, 0x00000000e2a00000| Untracked 
|  43|0x00000000e2b00000, 0x00000000e2b00000, 0x00000000e2c00000|  0%| F|  |TAMS 0x00000000e2b00000, 0x00000000e2b00000| Untracked 
|  44|0x00000000e2c00000, 0x00000000e2c00000, 0x00000000e2d00000|  0%| F|  |TAMS 0x00000000e2c00000, 0x00000000e2c00000| Untracked 
|  45|0x00000000e2d00000, 0x00000000e2d00000, 0x00000000e2e00000|  0%| F|  |TAMS 0x00000000e2d00000, 0x00000000e2d00000| Untracked 
|  46|0x00000000e2e00000, 0x00000000e2e00000, 0x00000000e2f00000|  0%| F|  |TAMS 0x00000000e2e00000, 0x00000000e2e00000| Untracked 
|  47|0x00000000e2f00000, 0x00000000e2f00000, 0x00000000e3000000|  0%| F|  |TAMS 0x00000000e2f00000, 0x00000000e2f00000| Untracked 
|  48|0x00000000e3000000, 0x00000000e3000000, 0x00000000e3100000|  0%| F|  |TAMS 0x00000000e3000000, 0x00000000e3000000| Untracked 
|  49|0x00000000e3100000, 0x00000000e3100000, 0x00000000e3200000|  0%| F|  |TAMS 0x00000000e3100000, 0x00000000e3100000| Untracked 
|  50|0x00000000e3200000, 0x00000000e3200000, 0x00000000e3300000|  0%| F|  |TAMS 0x00000000e3200000, 0x00000000e3200000| Untracked 
|  51|0x00000000e3300000, 0x00000000e3300000, 0x00000000e3400000|  0%| F|  |TAMS 0x00000000e3300000, 0x00000000e3300000| Untracked 
|  52|0x00000000e3400000, 0x00000000e3400000, 0x00000000e3500000|  0%| F|  |TAMS 0x00000000e3400000, 0x00000000e3400000| Untracked 
|  53|0x00000000e3500000, 0x00000000e3500000, 0x00000000e3600000|  0%| F|  |TAMS 0x00000000e3500000, 0x00000000e3500000| Untracked 
|  54|0x00000000e3600000, 0x00000000e3600000, 0x00000000e3700000|  0%| F|  |TAMS 0x00000000e3600000, 0x00000000e3600000| Untracked 
|  55|0x00000000e3700000, 0x00000000e3700000, 0x00000000e3800000|  0%| F|  |TAMS 0x00000000e3700000, 0x00000000e3700000| Untracked 
|  56|0x00000000e3800000, 0x00000000e3800000, 0x00000000e3900000|  0%| F|  |TAMS 0x00000000e3800000, 0x00000000e3800000| Untracked 
|  57|0x00000000e3900000, 0x00000000e3900000, 0x00000000e3a00000|  0%| F|  |TAMS 0x00000000e3900000, 0x00000000e3900000| Untracked 
|  58|0x00000000e3a00000, 0x00000000e3a00000, 0x00000000e3b00000|  0%| F|  |TAMS 0x00000000e3a00000, 0x00000000e3a00000| Untracked 
|  59|0x00000000e3b00000, 0x00000000e3b00000, 0x00000000e3c00000|  0%| F|  |TAMS 0x00000000e3b00000, 0x00000000e3b00000| Untracked 
|  60|0x00000000e3c00000, 0x00000000e3c00000, 0x00000000e3d00000|  0%| F|  |TAMS 0x00000000e3c00000, 0x00000000e3c00000| Untracked 
|  61|0x00000000e3d00000, 0x00000000e3d00000, 0x00000000e3e00000|  0%| F|  |TAMS 0x00000000e3d00000, 0x00000000e3d00000| Untracked 
|  62|0x00000000e3e00000, 0x00000000e3e00000, 0x00000000e3f00000|  0%| F|  |TAMS 0x00000000e3e00000, 0x00000000e3e00000| Untracked 
|  63|0x00000000e3f00000, 0x00000000e3f00000, 0x00000000e4000000|  0%| F|  |TAMS 0x00000000e3f00000, 0x00000000e3f00000| Untracked 
|  64|0x00000000e4000000, 0x00000000e4000000, 0x00000000e4100000|  0%| F|  |TAMS 0x00000000e4000000, 0x00000000e4000000| Untracked 
|  65|0x00000000e4100000, 0x00000000e4100000, 0x00000000e4200000|  0%| F|  |TAMS 0x00000000e4100000, 0x00000000e4100000| Untracked 
|  66|0x00000000e4200000, 0x00000000e4200000, 0x00000000e4300000|  0%| F|  |TAMS 0x00000000e4200000, 0x00000000e4200000| Untracked 
|  67|0x00000000e4300000, 0x00000000e4300000, 0x00000000e4400000|  0%| F|  |TAMS 0x00000000e4300000, 0x00000000e4300000| Untracked 
|  68|0x00000000e4400000, 0x00000000e4400000, 0x00000000e4500000|  0%| F|  |TAMS 0x00000000e4400000, 0x00000000e4400000| Untracked 
|  69|0x00000000e4500000, 0x00000000e4500000, 0x00000000e4600000|  0%| F|  |TAMS 0x00000000e4500000, 0x00000000e4500000| Untracked 
|  70|0x00000000e4600000, 0x00000000e4600000, 0x00000000e4700000|  0%| F|  |TAMS 0x00000000e4600000, 0x00000000e4600000| Untracked 
|  71|0x00000000e4700000, 0x00000000e4700000, 0x00000000e4800000|  0%| F|  |TAMS 0x00000000e4700000, 0x00000000e4700000| Untracked 
|  72|0x00000000e4800000, 0x00000000e4800000, 0x00000000e4900000|  0%| F|  |TAMS 0x00000000e4800000, 0x00000000e4800000| Untracked 
|  73|0x00000000e4900000, 0x00000000e4900000, 0x00000000e4a00000|  0%| F|  |TAMS 0x00000000e4900000, 0x00000000e4900000| Untracked 
|  74|0x00000000e4a00000, 0x00000000e4a00000, 0x00000000e4b00000|  0%| F|  |TAMS 0x00000000e4a00000, 0x00000000e4a00000| Untracked 
|  75|0x00000000e4b00000, 0x00000000e4b00000, 0x00000000e4c00000|  0%| F|  |TAMS 0x00000000e4b00000, 0x00000000e4b00000| Untracked 
|  76|0x00000000e4c00000, 0x00000000e4c00000, 0x00000000e4d00000|  0%| F|  |TAMS 0x00000000e4c00000, 0x00000000e4c00000| Untracked 
|  77|0x00000000e4d00000, 0x00000000e4d00000, 0x00000000e4e00000|  0%| F|  |TAMS 0x00000000e4d00000, 0x00000000e4d00000| Untracked 
|  78|0x00000000e4e00000, 0x00000000e4e00000, 0x00000000e4f00000|  0%| F|  |TAMS 0x00000000e4e00000, 0x00000000e4e00000| Untracked 
|  79|0x00000000e4f00000, 0x00000000e4f00000, 0x00000000e5000000|  0%| F|  |TAMS 0x00000000e4f00000, 0x00000000e4f00000| Untracked 
|  80|0x00000000e5000000, 0x00000000e5000000, 0x00000000e5100000|  0%| F|  |TAMS 0x00000000e5000000, 0x00000000e5000000| Untracked 
|  81|0x00000000e5100000, 0x00000000e5100000, 0x00000000e5200000|  0%| F|  |TAMS 0x00000000e5100000, 0x00000000e5100000| Untracked 
|  82|0x00000000e5200000, 0x00000000e5200000, 0x00000000e5300000|  0%| F|  |TAMS 0x00000000e5200000, 0x00000000e5200000| Untracked 
|  83|0x00000000e5300000, 0x00000000e5300000, 0x00000000e5400000|  0%| F|  |TAMS 0x00000000e5300000, 0x00000000e5300000| Untracked 
|  84|0x00000000e5400000, 0x00000000e5400000, 0x00000000e5500000|  0%| F|  |TAMS 0x00000000e5400000, 0x00000000e5400000| Untracked 
|  85|0x00000000e5500000, 0x00000000e5500000, 0x00000000e5600000|  0%| F|  |TAMS 0x00000000e5500000, 0x00000000e5500000| Untracked 
|  86|0x00000000e5600000, 0x00000000e5600000, 0x00000000e5700000|  0%| F|  |TAMS 0x00000000e5600000, 0x00000000e5600000| Untracked 
|  87|0x00000000e5700000, 0x00000000e5700000, 0x00000000e5800000|  0%| F|  |TAMS 0x00000000e5700000, 0x00000000e5700000| Untracked 
|  88|0x00000000e5800000, 0x00000000e5800000, 0x00000000e5900000|  0%| F|  |TAMS 0x00000000e5800000, 0x00000000e5800000| Untracked 
|  89|0x00000000e5900000, 0x00000000e5900000, 0x00000000e5a00000|  0%| F|  |TAMS 0x00000000e5900000, 0x00000000e5900000| Untracked 
|  90|0x00000000e5a00000, 0x00000000e5a00000, 0x00000000e5b00000|  0%| F|  |TAMS 0x00000000e5a00000, 0x00000000e5a00000| Untracked 
|  91|0x00000000e5b00000, 0x00000000e5b00000, 0x00000000e5c00000|  0%| F|  |TAMS 0x00000000e5b00000, 0x00000000e5b00000| Untracked 
|  92|0x00000000e5c00000, 0x00000000e5c00000, 0x00000000e5d00000|  0%| F|  |TAMS 0x00000000e5c00000, 0x00000000e5c00000| Untracked 
|  93|0x00000000e5d00000, 0x00000000e5d00000, 0x00000000e5e00000|  0%| F|  |TAMS 0x00000000e5d00000, 0x00000000e5d00000| Untracked 
|  94|0x00000000e5e00000, 0x00000000e5e00000, 0x00000000e5f00000|  0%| F|  |TAMS 0x00000000e5e00000, 0x00000000e5e00000| Untracked 
|  95|0x00000000e5f00000, 0x00000000e5f00000, 0x00000000e6000000|  0%| F|  |TAMS 0x00000000e5f00000, 0x00000000e5f00000| Untracked 
|  96|0x00000000e6000000, 0x00000000e6000000, 0x00000000e6100000|  0%| F|  |TAMS 0x00000000e6000000, 0x00000000e6000000| Untracked 
|  97|0x00000000e6100000, 0x00000000e6100000, 0x00000000e6200000|  0%| F|  |TAMS 0x00000000e6100000, 0x00000000e6100000| Untracked 
|  98|0x00000000e6200000, 0x00000000e6200000, 0x00000000e6300000|  0%| F|  |TAMS 0x00000000e6200000, 0x00000000e6200000| Untracked 
|  99|0x00000000e6300000, 0x00000000e6300000, 0x00000000e6400000|  0%| F|  |TAMS 0x00000000e6300000, 0x00000000e6300000| Untracked 
| 100|0x00000000e6400000, 0x00000000e6400000, 0x00000000e6500000|  0%| F|  |TAMS 0x00000000e6400000, 0x00000000e6400000| Untracked 
| 101|0x00000000e6500000, 0x00000000e6500000, 0x00000000e6600000|  0%| F|  |TAMS 0x00000000e6500000, 0x00000000e6500000| Untracked 
| 102|0x00000000e6600000, 0x00000000e6600000, 0x00000000e6700000|  0%| F|  |TAMS 0x00000000e6600000, 0x00000000e6600000| Untracked 
| 103|0x00000000e6700000, 0x00000000e6700000, 0x00000000e6800000|  0%| F|  |TAMS 0x00000000e6700000, 0x00000000e6700000| Untracked 
| 104|0x00000000e6800000, 0x00000000e6800000, 0x00000000e6900000|  0%| F|  |TAMS 0x00000000e6800000, 0x00000000e6800000| Untracked 
| 105|0x00000000e6900000, 0x00000000e6900000, 0x00000000e6a00000|  0%| F|  |TAMS 0x00000000e6900000, 0x00000000e6900000| Untracked 
| 106|0x00000000e6a00000, 0x00000000e6a00000, 0x00000000e6b00000|  0%| F|  |TAMS 0x00000000e6a00000, 0x00000000e6a00000| Untracked 
| 107|0x00000000e6b00000, 0x00000000e6b00000, 0x00000000e6c00000|  0%| F|  |TAMS 0x00000000e6b00000, 0x00000000e6b00000| Untracked 
| 108|0x00000000e6c00000, 0x00000000e6c00000, 0x00000000e6d00000|  0%| F|  |TAMS 0x00000000e6c00000, 0x00000000e6c00000| Untracked 
| 109|0x00000000e6d00000, 0x00000000e6d00000, 0x00000000e6e00000|  0%| F|  |TAMS 0x00000000e6d00000, 0x00000000e6d00000| Untracked 
| 110|0x00000000e6e00000, 0x00000000e6e00000, 0x00000000e6f00000|  0%| F|  |TAMS 0x00000000e6e00000, 0x00000000e6e00000| Untracked 
| 111|0x00000000e6f00000, 0x00000000e6f00000, 0x00000000e7000000|  0%| F|  |TAMS 0x00000000e6f00000, 0x00000000e6f00000| Untracked 
| 112|0x00000000e7000000, 0x00000000e7000000, 0x00000000e7100000|  0%| F|  |TAMS 0x00000000e7000000, 0x00000000e7000000| Untracked 
| 113|0x00000000e7100000, 0x00000000e7100000, 0x00000000e7200000|  0%| F|  |TAMS 0x00000000e7100000, 0x00000000e7100000| Untracked 
| 114|0x00000000e7200000, 0x00000000e7200000, 0x00000000e7300000|  0%| F|  |TAMS 0x00000000e7200000, 0x00000000e7200000| Untracked 
| 115|0x00000000e7300000, 0x00000000e7300000, 0x00000000e7400000|  0%| F|  |TAMS 0x00000000e7300000, 0x00000000e7300000| Untracked 
| 116|0x00000000e7400000, 0x00000000e7400000, 0x00000000e7500000|  0%| F|  |TAMS 0x00000000e7400000, 0x00000000e7400000| Untracked 
| 117|0x00000000e7500000, 0x00000000e7500000, 0x00000000e7600000|  0%| F|  |TAMS 0x00000000e7500000, 0x00000000e7500000| Untracked 
| 118|0x00000000e7600000, 0x00000000e7600000, 0x00000000e7700000|  0%| F|  |TAMS 0x00000000e7600000, 0x00000000e7600000| Untracked 
| 119|0x00000000e7700000, 0x00000000e7700000, 0x00000000e7800000|  0%| F|  |TAMS 0x00000000e7700000, 0x00000000e7700000| Untracked 
| 120|0x00000000e7800000, 0x00000000e7800000, 0x00000000e7900000|  0%| F|  |TAMS 0x00000000e7800000, 0x00000000e7800000| Untracked 
| 121|0x00000000e7900000, 0x00000000e7900000, 0x00000000e7a00000|  0%| F|  |TAMS 0x00000000e7900000, 0x00000000e7900000| Untracked 
| 122|0x00000000e7a00000, 0x00000000e7a00000, 0x00000000e7b00000|  0%| F|  |TAMS 0x00000000e7a00000, 0x00000000e7a00000| Untracked 
| 123|0x00000000e7b00000, 0x00000000e7b00000, 0x00000000e7c00000|  0%| F|  |TAMS 0x00000000e7b00000, 0x00000000e7b00000| Untracked 
| 124|0x00000000e7c00000, 0x00000000e7c00000, 0x00000000e7d00000|  0%| F|  |TAMS 0x00000000e7c00000, 0x00000000e7c00000| Untracked 
| 125|0x00000000e7d00000, 0x00000000e7d00000, 0x00000000e7e00000|  0%| F|  |TAMS 0x00000000e7d00000, 0x00000000e7d00000| Untracked 
| 126|0x00000000e7e00000, 0x00000000e7e00000, 0x00000000e7f00000|  0%| F|  |TAMS 0x00000000e7e00000, 0x00000000e7e00000| Untracked 
| 127|0x00000000e7f00000, 0x00000000e7f00000, 0x00000000e8000000|  0%| F|  |TAMS 0x00000000e7f00000, 0x00000000e7f00000| Untracked 
| 128|0x00000000e8000000, 0x00000000e8000000, 0x00000000e8100000|  0%| F|  |TAMS 0x00000000e8000000, 0x00000000e8000000| Untracked 
| 129|0x00000000e8100000, 0x00000000e8100000, 0x00000000e8200000|  0%| F|  |TAMS 0x00000000e8100000, 0x00000000e8100000| Untracked 
| 130|0x00000000e8200000, 0x00000000e8200000, 0x00000000e8300000|  0%| F|  |TAMS 0x00000000e8200000, 0x00000000e8200000| Untracked 
| 131|0x00000000e8300000, 0x00000000e8300000, 0x00000000e8400000|  0%| F|  |TAMS 0x00000000e8300000, 0x00000000e8300000| Untracked 
| 132|0x00000000e8400000, 0x00000000e8400000, 0x00000000e8500000|  0%| F|  |TAMS 0x00000000e8400000, 0x00000000e8400000| Untracked 
| 133|0x00000000e8500000, 0x00000000e8500000, 0x00000000e8600000|  0%| F|  |TAMS 0x00000000e8500000, 0x00000000e8500000| Untracked 
| 134|0x00000000e8600000, 0x00000000e8600000, 0x00000000e8700000|  0%| F|  |TAMS 0x00000000e8600000, 0x00000000e8600000| Untracked 
| 135|0x00000000e8700000, 0x00000000e8700000, 0x00000000e8800000|  0%| F|  |TAMS 0x00000000e8700000, 0x00000000e8700000| Untracked 
| 136|0x00000000e8800000, 0x00000000e8800000, 0x00000000e8900000|  0%| F|  |TAMS 0x00000000e8800000, 0x00000000e8800000| Untracked 
| 137|0x00000000e8900000, 0x00000000e8900000, 0x00000000e8a00000|  0%| F|  |TAMS 0x00000000e8900000, 0x00000000e8900000| Untracked 
| 138|0x00000000e8a00000, 0x00000000e8a00000, 0x00000000e8b00000|  0%| F|  |TAMS 0x00000000e8a00000, 0x00000000e8a00000| Untracked 
| 139|0x00000000e8b00000, 0x00000000e8b00000, 0x00000000e8c00000|  0%| F|  |TAMS 0x00000000e8b00000, 0x00000000e8b00000| Untracked 
| 140|0x00000000e8c00000, 0x00000000e8c00000, 0x00000000e8d00000|  0%| F|  |TAMS 0x00000000e8c00000, 0x00000000e8c00000| Untracked 
| 141|0x00000000e8d00000, 0x00000000e8d00000, 0x00000000e8e00000|  0%| F|  |TAMS 0x00000000e8d00000, 0x00000000e8d00000| Untracked 
| 142|0x00000000e8e00000, 0x00000000e8e00000, 0x00000000e8f00000|  0%| F|  |TAMS 0x00000000e8e00000, 0x00000000e8e00000| Untracked 
| 143|0x00000000e8f00000, 0x00000000e8f00000, 0x00000000e9000000|  0%| F|  |TAMS 0x00000000e8f00000, 0x00000000e8f00000| Untracked 
| 144|0x00000000e9000000, 0x00000000e9000000, 0x00000000e9100000|  0%| F|  |TAMS 0x00000000e9000000, 0x00000000e9000000| Untracked 
| 145|0x00000000e9100000, 0x00000000e9100000, 0x00000000e9200000|  0%| F|  |TAMS 0x00000000e9100000, 0x00000000e9100000| Untracked 
| 146|0x00000000e9200000, 0x00000000e9200000, 0x00000000e9300000|  0%| F|  |TAMS 0x00000000e9200000, 0x00000000e9200000| Untracked 
| 147|0x00000000e9300000, 0x00000000e9300000, 0x00000000e9400000|  0%| F|  |TAMS 0x00000000e9300000, 0x00000000e9300000| Untracked 
| 148|0x00000000e9400000, 0x00000000e9400000, 0x00000000e9500000|  0%| F|  |TAMS 0x00000000e9400000, 0x00000000e9400000| Untracked 
| 149|0x00000000e9500000, 0x00000000e9500000, 0x00000000e9600000|  0%| F|  |TAMS 0x00000000e9500000, 0x00000000e9500000| Untracked 
| 150|0x00000000e9600000, 0x00000000e9600000, 0x00000000e9700000|  0%| F|  |TAMS 0x00000000e9600000, 0x00000000e9600000| Untracked 
| 151|0x00000000e9700000, 0x00000000e9700000, 0x00000000e9800000|  0%| F|  |TAMS 0x00000000e9700000, 0x00000000e9700000| Untracked 
| 152|0x00000000e9800000, 0x00000000e9800000, 0x00000000e9900000|  0%| F|  |TAMS 0x00000000e9800000, 0x00000000e9800000| Untracked 
| 153|0x00000000e9900000, 0x00000000e9900000, 0x00000000e9a00000|  0%| F|  |TAMS 0x00000000e9900000, 0x00000000e9900000| Untracked 
| 154|0x00000000e9a00000, 0x00000000e9a00000, 0x00000000e9b00000|  0%| F|  |TAMS 0x00000000e9a00000, 0x00000000e9a00000| Untracked 
| 155|0x00000000e9b00000, 0x00000000e9b00000, 0x00000000e9c00000|  0%| F|  |TAMS 0x00000000e9b00000, 0x00000000e9b00000| Untracked 
| 156|0x00000000e9c00000, 0x00000000e9c00000, 0x00000000e9d00000|  0%| F|  |TAMS 0x00000000e9c00000, 0x00000000e9c00000| Untracked 
| 157|0x00000000e9d00000, 0x00000000e9d00000, 0x00000000e9e00000|  0%| F|  |TAMS 0x00000000e9d00000, 0x00000000e9d00000| Untracked 
| 158|0x00000000e9e00000, 0x00000000e9e00000, 0x00000000e9f00000|  0%| F|  |TAMS 0x00000000e9e00000, 0x00000000e9e00000| Untracked 
| 159|0x00000000e9f00000, 0x00000000e9f00000, 0x00000000ea000000|  0%| F|  |TAMS 0x00000000e9f00000, 0x00000000e9f00000| Untracked 
| 160|0x00000000ea000000, 0x00000000ea000000, 0x00000000ea100000|  0%| F|  |TAMS 0x00000000ea000000, 0x00000000ea000000| Untracked 
| 161|0x00000000ea100000, 0x00000000ea100000, 0x00000000ea200000|  0%| F|  |TAMS 0x00000000ea100000, 0x00000000ea100000| Untracked 
| 162|0x00000000ea200000, 0x00000000ea200000, 0x00000000ea300000|  0%| F|  |TAMS 0x00000000ea200000, 0x00000000ea200000| Untracked 
| 163|0x00000000ea300000, 0x00000000ea300000, 0x00000000ea400000|  0%| F|  |TAMS 0x00000000ea300000, 0x00000000ea300000| Untracked 
| 164|0x00000000ea400000, 0x00000000ea400000, 0x00000000ea500000|  0%| F|  |TAMS 0x00000000ea400000, 0x00000000ea400000| Untracked 
| 165|0x00000000ea500000, 0x00000000ea500000, 0x00000000ea600000|  0%| F|  |TAMS 0x00000000ea500000, 0x00000000ea500000| Untracked 
| 166|0x00000000ea600000, 0x00000000ea600000, 0x00000000ea700000|  0%| F|  |TAMS 0x00000000ea600000, 0x00000000ea600000| Untracked 
| 167|0x00000000ea700000, 0x00000000ea700000, 0x00000000ea800000|  0%| F|  |TAMS 0x00000000ea700000, 0x00000000ea700000| Untracked 
| 168|0x00000000ea800000, 0x00000000ea800000, 0x00000000ea900000|  0%| F|  |TAMS 0x00000000ea800000, 0x00000000ea800000| Untracked 
| 169|0x00000000ea900000, 0x00000000ea900000, 0x00000000eaa00000|  0%| F|  |TAMS 0x00000000ea900000, 0x00000000ea900000| Untracked 
| 170|0x00000000eaa00000, 0x00000000eaa00000, 0x00000000eab00000|  0%| F|  |TAMS 0x00000000eaa00000, 0x00000000eaa00000| Untracked 
| 171|0x00000000eab00000, 0x00000000eab00000, 0x00000000eac00000|  0%| F|  |TAMS 0x00000000eab00000, 0x00000000eab00000| Untracked 
| 172|0x00000000eac00000, 0x00000000eac00000, 0x00000000ead00000|  0%| F|  |TAMS 0x00000000eac00000, 0x00000000eac00000| Untracked 
| 173|0x00000000ead00000, 0x00000000ead00000, 0x00000000eae00000|  0%| F|  |TAMS 0x00000000ead00000, 0x00000000ead00000| Untracked 
| 174|0x00000000eae00000, 0x00000000eae00000, 0x00000000eaf00000|  0%| F|  |TAMS 0x00000000eae00000, 0x00000000eae00000| Untracked 
| 175|0x00000000eaf00000, 0x00000000eaf00000, 0x00000000eb000000|  0%| F|  |TAMS 0x00000000eaf00000, 0x00000000eaf00000| Untracked 
| 176|0x00000000eb000000, 0x00000000eb000000, 0x00000000eb100000|  0%| F|  |TAMS 0x00000000eb000000, 0x00000000eb000000| Untracked 
| 177|0x00000000eb100000, 0x00000000eb100000, 0x00000000eb200000|  0%| F|  |TAMS 0x00000000eb100000, 0x00000000eb100000| Untracked 
| 178|0x00000000eb200000, 0x00000000eb200000, 0x00000000eb300000|  0%| F|  |TAMS 0x00000000eb200000, 0x00000000eb200000| Untracked 
| 179|0x00000000eb300000, 0x00000000eb300000, 0x00000000eb400000|  0%| F|  |TAMS 0x00000000eb300000, 0x00000000eb300000| Untracked 
| 180|0x00000000eb400000, 0x00000000eb400000, 0x00000000eb500000|  0%| F|  |TAMS 0x00000000eb400000, 0x00000000eb400000| Untracked 
| 181|0x00000000eb500000, 0x00000000eb500000, 0x00000000eb600000|  0%| F|  |TAMS 0x00000000eb500000, 0x00000000eb500000| Untracked 
| 182|0x00000000eb600000, 0x00000000eb600000, 0x00000000eb700000|  0%| F|  |TAMS 0x00000000eb600000, 0x00000000eb600000| Untracked 
| 183|0x00000000eb700000, 0x00000000eb700000, 0x00000000eb800000|  0%| F|  |TAMS 0x00000000eb700000, 0x00000000eb700000| Untracked 
| 184|0x00000000eb800000, 0x00000000eb800000, 0x00000000eb900000|  0%| F|  |TAMS 0x00000000eb800000, 0x00000000eb800000| Untracked 
| 185|0x00000000eb900000, 0x00000000eb900000, 0x00000000eba00000|  0%| F|  |TAMS 0x00000000eb900000, 0x00000000eb900000| Untracked 
| 186|0x00000000eba00000, 0x00000000eba00000, 0x00000000ebb00000|  0%| F|  |TAMS 0x00000000eba00000, 0x00000000eba00000| Untracked 
| 187|0x00000000ebb00000, 0x00000000ebb00000, 0x00000000ebc00000|  0%| F|  |TAMS 0x00000000ebb00000, 0x00000000ebb00000| Untracked 
| 188|0x00000000ebc00000, 0x00000000ebc00000, 0x00000000ebd00000|  0%| F|  |TAMS 0x00000000ebc00000, 0x00000000ebc00000| Untracked 
| 189|0x00000000ebd00000, 0x00000000ebd00000, 0x00000000ebe00000|  0%| F|  |TAMS 0x00000000ebd00000, 0x00000000ebd00000| Untracked 
| 190|0x00000000ebe00000, 0x00000000ebe00000, 0x00000000ebf00000|  0%| F|  |TAMS 0x00000000ebe00000, 0x00000000ebe00000| Untracked 
| 191|0x00000000ebf00000, 0x00000000ebf00000, 0x00000000ec000000|  0%| F|  |TAMS 0x00000000ebf00000, 0x00000000ebf00000| Untracked 
| 192|0x00000000ec000000, 0x00000000ec000000, 0x00000000ec100000|  0%| F|  |TAMS 0x00000000ec000000, 0x00000000ec000000| Untracked 
| 193|0x00000000ec100000, 0x00000000ec100000, 0x00000000ec200000|  0%| F|  |TAMS 0x00000000ec100000, 0x00000000ec100000| Untracked 
| 194|0x00000000ec200000, 0x00000000ec200000, 0x00000000ec300000|  0%| F|  |TAMS 0x00000000ec200000, 0x00000000ec200000| Untracked 
| 195|0x00000000ec300000, 0x00000000ec300000, 0x00000000ec400000|  0%| F|  |TAMS 0x00000000ec300000, 0x00000000ec300000| Untracked 
| 196|0x00000000ec400000, 0x00000000ec400000, 0x00000000ec500000|  0%| F|  |TAMS 0x00000000ec400000, 0x00000000ec400000| Untracked 
| 197|0x00000000ec500000, 0x00000000ec500000, 0x00000000ec600000|  0%| F|  |TAMS 0x00000000ec500000, 0x00000000ec500000| Untracked 
| 198|0x00000000ec600000, 0x00000000ec600000, 0x00000000ec700000|  0%| F|  |TAMS 0x00000000ec600000, 0x00000000ec600000| Untracked 
| 199|0x00000000ec700000, 0x00000000ec700000, 0x00000000ec800000|  0%| F|  |TAMS 0x00000000ec700000, 0x00000000ec700000| Untracked 
| 200|0x00000000ec800000, 0x00000000ec800000, 0x00000000ec900000|  0%| F|  |TAMS 0x00000000ec800000, 0x00000000ec800000| Untracked 
| 201|0x00000000ec900000, 0x00000000ec900000, 0x00000000eca00000|  0%| F|  |TAMS 0x00000000ec900000, 0x00000000ec900000| Untracked 
| 202|0x00000000eca00000, 0x00000000eca00000, 0x00000000ecb00000|  0%| F|  |TAMS 0x00000000eca00000, 0x00000000eca00000| Untracked 
| 203|0x00000000ecb00000, 0x00000000ecb00000, 0x00000000ecc00000|  0%| F|  |TAMS 0x00000000ecb00000, 0x00000000ecb00000| Untracked 
| 204|0x00000000ecc00000, 0x00000000ecc00000, 0x00000000ecd00000|  0%| F|  |TAMS 0x00000000ecc00000, 0x00000000ecc00000| Untracked 
| 205|0x00000000ecd00000, 0x00000000ecd00000, 0x00000000ece00000|  0%| F|  |TAMS 0x00000000ecd00000, 0x00000000ecd00000| Untracked 
| 206|0x00000000ece00000, 0x00000000ece00000, 0x00000000ecf00000|  0%| F|  |TAMS 0x00000000ece00000, 0x00000000ece00000| Untracked 
| 207|0x00000000ecf00000, 0x00000000ecf00000, 0x00000000ed000000|  0%| F|  |TAMS 0x00000000ecf00000, 0x00000000ecf00000| Untracked 
| 208|0x00000000ed000000, 0x00000000ed000000, 0x00000000ed100000|  0%| F|  |TAMS 0x00000000ed000000, 0x00000000ed000000| Untracked 
| 209|0x00000000ed100000, 0x00000000ed100000, 0x00000000ed200000|  0%| F|  |TAMS 0x00000000ed100000, 0x00000000ed100000| Untracked 
| 210|0x00000000ed200000, 0x00000000ed200000, 0x00000000ed300000|  0%| F|  |TAMS 0x00000000ed200000, 0x00000000ed200000| Untracked 
| 211|0x00000000ed300000, 0x00000000ed300000, 0x00000000ed400000|  0%| F|  |TAMS 0x00000000ed300000, 0x00000000ed300000| Untracked 
| 212|0x00000000ed400000, 0x00000000ed400000, 0x00000000ed500000|  0%| F|  |TAMS 0x00000000ed400000, 0x00000000ed400000| Untracked 
| 213|0x00000000ed500000, 0x00000000ed527f50, 0x00000000ed600000| 15%| S|CS|TAMS 0x00000000ed500000, 0x00000000ed500000| Complete 
| 214|0x00000000ed600000, 0x00000000ed700000, 0x00000000ed700000|100%| S|CS|TAMS 0x00000000ed600000, 0x00000000ed600000| Complete 
| 215|0x00000000ed700000, 0x00000000ed800000, 0x00000000ed800000|100%| S|CS|TAMS 0x00000000ed700000, 0x00000000ed700000| Complete 
| 216|0x00000000ed800000, 0x00000000ed900000, 0x00000000ed900000|100%| S|CS|TAMS 0x00000000ed800000, 0x00000000ed800000| Complete 
| 217|0x00000000ed900000, 0x00000000eda00000, 0x00000000eda00000|100%| S|CS|TAMS 0x00000000ed900000, 0x00000000ed900000| Complete 
| 218|0x00000000eda00000, 0x00000000eda00000, 0x00000000edb00000|  0%| F|  |TAMS 0x00000000eda00000, 0x00000000eda00000| Untracked 
| 219|0x00000000edb00000, 0x00000000edb00000, 0x00000000edc00000|  0%| F|  |TAMS 0x00000000edb00000, 0x00000000edb00000| Untracked 
| 220|0x00000000edc00000, 0x00000000edc00000, 0x00000000edd00000|  0%| F|  |TAMS 0x00000000edc00000, 0x00000000edc00000| Untracked 
| 221|0x00000000edd00000, 0x00000000edd00000, 0x00000000ede00000|  0%| F|  |TAMS 0x00000000edd00000, 0x00000000edd00000| Untracked 
| 222|0x00000000ede00000, 0x00000000ede00000, 0x00000000edf00000|  0%| F|  |TAMS 0x00000000ede00000, 0x00000000ede00000| Untracked 
| 223|0x00000000edf00000, 0x00000000edf00000, 0x00000000ee000000|  0%| F|  |TAMS 0x00000000edf00000, 0x00000000edf00000| Untracked 
| 224|0x00000000ee000000, 0x00000000ee000000, 0x00000000ee100000|  0%| F|  |TAMS 0x00000000ee000000, 0x00000000ee000000| Untracked 
| 225|0x00000000ee100000, 0x00000000ee100000, 0x00000000ee200000|  0%| F|  |TAMS 0x00000000ee100000, 0x00000000ee100000| Untracked 
| 226|0x00000000ee200000, 0x00000000ee200000, 0x00000000ee300000|  0%| F|  |TAMS 0x00000000ee200000, 0x00000000ee200000| Untracked 
| 227|0x00000000ee300000, 0x00000000ee300000, 0x00000000ee400000|  0%| F|  |TAMS 0x00000000ee300000, 0x00000000ee300000| Untracked 
| 228|0x00000000ee400000, 0x00000000ee400000, 0x00000000ee500000|  0%| F|  |TAMS 0x00000000ee400000, 0x00000000ee400000| Untracked 
| 229|0x00000000ee500000, 0x00000000ee500000, 0x00000000ee600000|  0%| F|  |TAMS 0x00000000ee500000, 0x00000000ee500000| Untracked 
| 230|0x00000000ee600000, 0x00000000ee600000, 0x00000000ee700000|  0%| F|  |TAMS 0x00000000ee600000, 0x00000000ee600000| Untracked 
| 231|0x00000000ee700000, 0x00000000ee700000, 0x00000000ee800000|  0%| F|  |TAMS 0x00000000ee700000, 0x00000000ee700000| Untracked 
| 232|0x00000000ee800000, 0x00000000ee800000, 0x00000000ee900000|  0%| F|  |TAMS 0x00000000ee800000, 0x00000000ee800000| Untracked 
| 233|0x00000000ee900000, 0x00000000ee900000, 0x00000000eea00000|  0%| F|  |TAMS 0x00000000ee900000, 0x00000000ee900000| Untracked 
| 234|0x00000000eea00000, 0x00000000eea00000, 0x00000000eeb00000|  0%| F|  |TAMS 0x00000000eea00000, 0x00000000eea00000| Untracked 
| 235|0x00000000eeb00000, 0x00000000eeb00000, 0x00000000eec00000|  0%| F|  |TAMS 0x00000000eeb00000, 0x00000000eeb00000| Untracked 
| 236|0x00000000eec00000, 0x00000000eec00000, 0x00000000eed00000|  0%| F|  |TAMS 0x00000000eec00000, 0x00000000eec00000| Untracked 
| 237|0x00000000eed00000, 0x00000000eed00000, 0x00000000eee00000|  0%| F|  |TAMS 0x00000000eed00000, 0x00000000eed00000| Untracked 
| 238|0x00000000eee00000, 0x00000000eee00000, 0x00000000eef00000|  0%| F|  |TAMS 0x00000000eee00000, 0x00000000eee00000| Untracked 
| 239|0x00000000eef00000, 0x00000000eef00000, 0x00000000ef000000|  0%| F|  |TAMS 0x00000000eef00000, 0x00000000eef00000| Untracked 
| 240|0x00000000ef000000, 0x00000000ef000000, 0x00000000ef100000|  0%| F|  |TAMS 0x00000000ef000000, 0x00000000ef000000| Untracked 
| 241|0x00000000ef100000, 0x00000000ef100000, 0x00000000ef200000|  0%| F|  |TAMS 0x00000000ef100000, 0x00000000ef100000| Untracked 
| 242|0x00000000ef200000, 0x00000000ef200000, 0x00000000ef300000|  0%| F|  |TAMS 0x00000000ef200000, 0x00000000ef200000| Untracked 
| 243|0x00000000ef300000, 0x00000000ef300000, 0x00000000ef400000|  0%| F|  |TAMS 0x00000000ef300000, 0x00000000ef300000| Untracked 
| 244|0x00000000ef400000, 0x00000000ef400000, 0x00000000ef500000|  0%| F|  |TAMS 0x00000000ef400000, 0x00000000ef400000| Untracked 
| 245|0x00000000ef500000, 0x00000000ef500000, 0x00000000ef600000|  0%| F|  |TAMS 0x00000000ef500000, 0x00000000ef500000| Untracked 
| 246|0x00000000ef600000, 0x00000000ef600000, 0x00000000ef700000|  0%| F|  |TAMS 0x00000000ef600000, 0x00000000ef600000| Untracked 
| 247|0x00000000ef700000, 0x00000000ef700000, 0x00000000ef800000|  0%| F|  |TAMS 0x00000000ef700000, 0x00000000ef700000| Untracked 
| 248|0x00000000ef800000, 0x00000000ef800000, 0x00000000ef900000|  0%| F|  |TAMS 0x00000000ef800000, 0x00000000ef800000| Untracked 
| 249|0x00000000ef900000, 0x00000000ef900000, 0x00000000efa00000|  0%| F|  |TAMS 0x00000000ef900000, 0x00000000ef900000| Untracked 
| 250|0x00000000efa00000, 0x00000000efa80800, 0x00000000efb00000| 50%| E|  |TAMS 0x00000000efa00000, 0x00000000efa00000| Complete 
| 251|0x00000000efb00000, 0x00000000efc00000, 0x00000000efc00000|100%| E|CS|TAMS 0x00000000efb00000, 0x00000000efb00000| Complete 
| 252|0x00000000efc00000, 0x00000000efd00000, 0x00000000efd00000|100%| E|CS|TAMS 0x00000000efc00000, 0x00000000efc00000| Complete 
| 253|0x00000000efd00000, 0x00000000efe00000, 0x00000000efe00000|100%| E|CS|TAMS 0x00000000efd00000, 0x00000000efd00000| Complete 

Card table byte_map: [0x000002b65bfc0000,0x000002b65c0c0000] _byte_map_base: 0x000002b65b8c0000

Marking Bits (Prev, Next): (CMBitMap*) 0x000002b644833638, (CMBitMap*) 0x000002b644833670
 Prev Bits: [0x000002b65c1c0000, 0x000002b65c9c0000)
 Next Bits: [0x000002b65c9c0000, 0x000002b65d1c0000)

Polling page: 0x000002b642660000

Metaspace:

Usage:
  Non-class:     30.34 MB capacity,    29.74 MB ( 98%) used,   499.73 KB (  2%) free+waste,   120.75 KB ( <1%) overhead. 
      Class:      4.85 MB capacity,     4.44 MB ( 92%) used,   354.70 KB (  7%) free+waste,    58.75 KB (  1%) overhead. 
       Both:     35.19 MB capacity,    34.18 MB ( 97%) used,   854.43 KB (  2%) free+waste,   179.50 KB ( <1%) overhead. 

Virtual space:
  Non-class space:       32.00 MB reserved,      30.50 MB ( 95%) committed 
      Class space:        1.00 GB reserved,       4.88 MB ( <1%) committed 
             Both:        1.03 GB reserved,      35.38 MB (  3%) committed 

Chunk freelists:
   Non-Class:  4.13 KB
       Class:  3.38 KB
        Both:  7.50 KB

CodeHeap 'non-profiled nmethods': size=120000Kb used=1403Kb max_used=1423Kb free=118596Kb
 bounds [0x000002b654660000, 0x000002b6548d0000, 0x000002b65bb90000]
CodeHeap 'profiled nmethods': size=120000Kb used=5292Kb max_used=5418Kb free=114707Kb
 bounds [0x000002b64d130000, 0x000002b64d680000, 0x000002b654660000]
CodeHeap 'non-nmethods': size=5760Kb used=1219Kb max_used=1271Kb free=4540Kb
 bounds [0x000002b64cb90000, 0x000002b64ce00000, 0x000002b64d130000]
 total_blobs=3776 nmethods=2543 adapters=376
 compilation: enabled
              stopped_count=0, restarted_count=0
 full_count=0

Compilation events (10 events):
Event: 2.270 Thread 0x000002b6604c2000 2761       3       java.lang.StackTraceElement::isHashedInJavaBase (31 bytes)
Event: 2.270 Thread 0x000002b6604c2000 nmethod 2761 0x000002b64d67ce10 code [0x000002b64d67d020, 0x000002b64d67d560]
Event: 2.270 Thread 0x000002b6604c2000 2762       1       java.lang.Module::getName (5 bytes)
Event: 2.271 Thread 0x000002b6604c2000 nmethod 2762 0x000002b6547c1190 code [0x000002b6547c1340, 0x000002b6547c1458]
Event: 2.273 Thread 0x000002b661836000 nmethod 2732 0x000002b6547c1510 code [0x000002b6547c1720, 0x000002b6547c29a8]
Event: 2.273 Thread 0x000002b661836000 2757   !   4       java.lang.invoke.MemberName::getMethodType (203 bytes)
Event: 2.277 Thread 0x000002b661836000 nmethod 2757 0x000002b6547c3090 code [0x000002b6547c3280, 0x000002b6547c3988]
Event: 2.278 Thread 0x000002b6604c2000 2763       3       java.lang.String::contains (19 bytes)
Event: 2.278 Thread 0x000002b6604c2000 nmethod 2763 0x000002b64d67d710 code [0x000002b64d67d8e0, 0x000002b64d67dba0]
Event: 2.368 Thread 0x000002b65fc3b000 nmethod 2749 0x000002b6547c3d90 code [0x000002b6547c4260, 0x000002b6547c9648]

GC Heap History (10 events):
Event: 0.751 GC heap before
{Heap before GC invocations=0 (full 0):
 garbage-first heap   total 260096K, used 24576K [0x00000000e0000000, 0x0000000100000000)
  region size 1024K, 24 young (24576K), 0 survivors (0K)
 Metaspace       used 13500K, capacity 13786K, committed 13824K, reserved 1060864K
  class space    used 1427K, capacity 1523K, committed 1536K, reserved 1048576K
}
Event: 0.763 GC heap after
{Heap after GC invocations=1 (full 0):
 garbage-first heap   total 260096K, used 8358K [0x00000000e0000000, 0x0000000100000000)
  region size 1024K, 3 young (3072K), 3 survivors (3072K)
 Metaspace       used 13500K, capacity 13786K, committed 13824K, reserved 1060864K
  class space    used 1427K, capacity 1523K, committed 1536K, reserved 1048576K
}
Event: 0.955 GC heap before
{Heap before GC invocations=1 (full 0):
 garbage-first heap   total 260096K, used 23718K [0x00000000e0000000, 0x0000000100000000)
  region size 1024K, 18 young (18432K), 3 survivors (3072K)
 Metaspace       used 16304K, capacity 16828K, committed 16896K, reserved 1064960K
  class space    used 1827K, capacity 2006K, committed 2048K, reserved 1048576K
}
Event: 0.957 GC heap after
{Heap after GC invocations=2 (full 0):
 garbage-first heap   total 260096K, used 9019K [0x00000000e0000000, 0x0000000100000000)
  region size 1024K, 1 young (1024K), 1 survivors (1024K)
 Metaspace       used 16304K, capacity 16828K, committed 16896K, reserved 1064960K
  class space    used 1827K, capacity 2006K, committed 2048K, reserved 1048576K
}
Event: 1.196 GC heap before
{Heap before GC invocations=2 (full 0):
 garbage-first heap   total 260096K, used 32571K [0x00000000e0000000, 0x0000000100000000)
  region size 1024K, 25 young (25600K), 1 survivors (1024K)
 Metaspace       used 20427K, capacity 20997K, committed 21248K, reserved 1069056K
  class space    used 2328K, capacity 2547K, committed 2560K, reserved 1048576K
}
Event: 1.199 GC heap after
{Heap after GC invocations=3 (full 0):
 garbage-first heap   total 260096K, used 9932K [0x00000000e0000000, 0x0000000100000000)
  region size 1024K, 2 young (2048K), 2 survivors (2048K)
 Metaspace       used 20427K, capacity 20997K, committed 21248K, reserved 1069056K
  class space    used 2328K, capacity 2547K, committed 2560K, reserved 1048576K
}
Event: 1.661 GC heap before
{Heap before GC invocations=4 (full 0):
 garbage-first heap   total 260096K, used 74444K [0x00000000e0000000, 0x0000000100000000)
  region size 1024K, 66 young (67584K), 2 survivors (2048K)
 Metaspace       used 30448K, capacity 31418K, committed 31488K, reserved 1077248K
  class space    used 3680K, capacity 4047K, committed 4096K, reserved 1048576K
}
Event: 1.664 GC heap after
{Heap after GC invocations=5 (full 0):
 garbage-first heap   total 260096K, used 11708K [0x00000000e0000000, 0x0000000100000000)
  region size 1024K, 4 young (4096K), 4 survivors (4096K)
 Metaspace       used 30448K, capacity 31418K, committed 31488K, reserved 1077248K
  class space    used 3680K, capacity 4047K, committed 4096K, reserved 1048576K
}
Event: 2.024 GC heap before
{Heap before GC invocations=5 (full 0):
 garbage-first heap   total 260096K, used 47548K [0x00000000e0000000, 0x0000000100000000)
  region size 1024K, 40 young (40960K), 4 survivors (4096K)
 Metaspace       used 34604K, capacity 35546K, committed 35584K, reserved 1079296K
  class space    used 4468K, capacity 4842K, committed 4864K, reserved 1048576K
}
Event: 2.027 GC heap after
{Heap after GC invocations=6 (full 0):
 garbage-first heap   total 260096K, used 12436K [0x00000000e0000000, 0x0000000100000000)
  region size 1024K, 5 young (5120K), 5 survivors (5120K)
 Metaspace       used 34604K, capacity 35546K, committed 35584K, reserved 1079296K
  class space    used 4468K, capacity 4842K, committed 4864K, reserved 1048576K
}

Deoptimization events (10 events):
Event: 1.373 Thread 0x000002b6613eb000 Uncommon trap: reason=unstable_if action=reinterpret pc=0x000002b6546fbba8 method=java.net.URL.<init>(Ljava/net/URL;Ljava/lang/String;Ljava/net/URLStreamHandler;)V @ 347 c2
Event: 1.403 Thread 0x000002b662fc7000 Uncommon trap: reason=unstable_if action=reinterpret pc=0x000002b6546cd5bc method=jdk.internal.org.objectweb.asm.Type.getArgumentsAndReturnSizes(Ljava/lang/String;)I @ 136 c2
Event: 1.425 Thread 0x000002b6613eb000 Uncommon trap: reason=unstable_if action=reinterpret pc=0x000002b6546b9554 method=java.util.HashMap.hash(Ljava/lang/Object;)I @ 1 c2
Event: 1.503 Thread 0x000002b6613eb000 Uncommon trap: reason=unstable_if action=reinterpret pc=0x000002b6546a5d08 method=java.util.concurrent.ConcurrentHashMap.get(Ljava/lang/Object;)Ljava/lang/Object; @ 76 c2
Event: 1.594 Thread 0x000002b6613eb000 Uncommon trap: reason=unstable_if action=reinterpret pc=0x000002b65471d0c0 method=java.nio.Buffer.position(I)Ljava/nio/Buffer; @ 45 c2
Event: 1.594 Thread 0x000002b6613eb000 Uncommon trap: reason=unstable_if action=reinterpret pc=0x000002b654702c64 method=sun.net.www.ParseUtil.firstEncodeIndex(Ljava/lang/String;)I @ 51 c2
Event: 1.594 Thread 0x000002b6613eb000 Uncommon trap: reason=unstable_if action=reinterpret pc=0x000002b6546c8fb8 method=sun.net.www.ParseUtil.firstEncodeIndex(Ljava/lang/String;)I @ 51 c2
Event: 2.015 Thread 0x000002b6613eb000 Uncommon trap: reason=unstable_if action=reinterpret pc=0x000002b65472a6f8 method=java.util.LinkedHashMap.get(Ljava/lang/Object;)Ljava/lang/Object; @ 20 c2
Event: 2.050 Thread 0x000002b6613eb000 Uncommon trap: reason=unstable_if action=reinterpret pc=0x000002b6546715e4 method=java.lang.CharacterData.of(I)Ljava/lang/CharacterData; @ 4 c2
Event: 2.051 Thread 0x000002b6613eb000 Uncommon trap: reason=unstable_if action=reinterpret pc=0x000002b654682f40 method=java.lang.String.hashCode()I @ 22 c2

Classes redefined (10 events):
Event: 302.827 Thread 0x000002b65fc32000 redefined class name=com.uho.todo.repository.TicketRepository, count=1
Event: 302.840 Thread 0x000002b65fc32000 redefined class name=com.uho.todo.service.mapper.TicketMapper, count=1
Event: 642.002 Thread 0x000002b65fc32000 redefined class name=com.uho.todo.service.IMapperImpl, count=2
Event: 642.012 Thread 0x000002b65fc32000 redefined class name=com.uho.todo.service.IToDoList, count=2
Event: 642.020 Thread 0x000002b65fc32000 redefined class name=com.uho.todo.service.ToDoList, count=2
Event: 642.028 Thread 0x000002b65fc32000 redefined class name=com.uho.todo.model.PageModel, count=2
Event: 642.037 Thread 0x000002b65fc32000 redefined class name=com.uho.todo.model.RequestObjectModel, count=4
Event: 642.045 Thread 0x000002b65fc32000 redefined class name=com.uho.todo.repository.UsersRepository, count=2
Event: 642.053 Thread 0x000002b65fc32000 redefined class name=com.uho.todo.repository.TicketRepository, count=2
Event: 642.061 Thread 0x000002b65fc32000 redefined class name=com.uho.todo.service.mapper.TicketMapper, count=2

Internal exceptions (10 events):
Event: 1.573 Thread 0x000002b662fc7000 Exception <a 'java/lang/NoSuchMethodError'{0x00000000ec416698}: java.lang.invoke.DirectMethodHandle$Holder.invokeStaticInit(Ljava/lang/Object;Ljava/lang/Object;)J> (0x00000000ec416698) thrown at [t:/workspace/open/src/hotspot/share/interpreter/linkResolve
Event: 1.574 Thread 0x000002b662fc7000 Exception <a 'java/lang/NoSuchMethodError'{0x00000000ec422b58}: java.lang.invoke.DirectMethodHandle$Holder.invokeInterface(Ljava/lang/Object;Ljava/lang/Object;)J> (0x00000000ec422b58) thrown at [t:/workspace/open/src/hotspot/share/interpreter/linkResolver
Event: 1.574 Thread 0x000002b662fc7000 Exception <a 'java/lang/IncompatibleClassChangeError'{0x00000000ec4258f0}: Found class java.lang.Object, but interface was expected> (0x00000000ec4258f0) thrown at [t:/workspace/open/src/hotspot/share/interpreter/linkResolver.cpp, line 838]
Event: 1.581 Thread 0x000002b662fc7000 Exception <a 'java/lang/NoSuchMethodError'{0x00000000ec305830}: java.lang.invoke.DirectMethodHandle$Holder.invokeVirtual(Ljava/lang/Object;Ljava/lang/Object;Ljava/lang/Object;Ljava/lang/Object;)Ljava/lang/Object;> (0x00000000ec305830) thrown at [t:/worksp
Event: 1.806 Thread 0x000002b6613eb000 Exception <a 'java/lang/ClassNotFoundException'{0x00000000eefda078}: java/lang/ClassLoader$ByteBuddyAccessor$HYqznMDV> (0x00000000eefda078) thrown at [t:/workspace/open/src/hotspot/share/classfile/systemDictionary.cpp, line 231]
Event: 2.015 Thread 0x000002b6613eb000 Exception <a 'java/lang/ClassNotFoundException'{0x00000000edba4280}: java/lang/ObjectCustomizer> (0x00000000edba4280) thrown at [t:/workspace/open/src/hotspot/share/classfile/systemDictionary.cpp, line 231]
Event: 2.016 Thread 0x000002b6613eb000 Exception <a 'java/lang/ClassNotFoundException'{0x00000000edbb74a8}: com/uho/todo/service/ToDoListTestCustomizer> (0x00000000edbb74a8) thrown at [t:/workspace/open/src/hotspot/share/classfile/systemDictionary.cpp, line 231]
Event: 2.044 Thread 0x000002b6613eb000 Exception <a 'java/lang/NoSuchMethodError'{0x00000000efd521d8}: java.lang.invoke.DirectMethodHandle$Holder.invokeSpecial(Ljava/lang/Object;Ljava/lang/Object;Ljava/lang/Object;Ljava/lang/Object;Ljava/lang/Object;I)Ljava/lang/Object;> (0x00000000efd521d8) t
Event: 2.045 Thread 0x000002b6613eb000 Exception <a 'java/lang/NoSuchMethodError'{0x00000000efd55b70}: java.lang.invoke.Invokers$Holder.linkToTargetMethod(Ljava/lang/Object;Ljava/lang/Object;Ljava/lang/Object;ILjava/lang/Object;)Ljava/lang/Object;> (0x00000000efd55b70) thrown at [t:/workspace/
Event: 2.047 Thread 0x000002b6613eb000 Exception <a 'java/lang/IncompatibleClassChangeError'{0x00000000efd90718}: Found class java.lang.Object, but interface was expected> (0x00000000efd90718) thrown at [t:/workspace/open/src/hotspot/share/interpreter/linkResolver.cpp, line 838]

Events (10 events):
Event: 642.088 Executing VM operation: ChangeBreakpoints done
Event: 642.089 Executing VM operation: ChangeBreakpoints
Event: 642.091 Executing VM operation: ChangeBreakpoints done
Event: 642.201 Executing VM operation: GetFrameCount
Event: 642.201 Executing VM operation: GetFrameCount done
Event: 642.201 Executing VM operation: GetStackTrace
Event: 642.201 Executing VM operation: GetStackTrace done
Event: 642.202 Executing VM operation: GetFrameLocation
Event: 642.202 Executing VM operation: GetFrameLocation done
Event: 642.202 Executing VM operation: GetOrSetLocal


Dynamic libraries:
0x00007ff6eb400000 - 0x00007ff6eb447000 	C:\Program Files\Java\jdk-11.0.6\bin\java.exe
0x00007ff860f60000 - 0x00007ff861150000 	C:\Windows\SYSTEM32\ntdll.dll
0x00007ff85f030000 - 0x00007ff85f0e2000 	C:\Windows\System32\KERNEL32.DLL
0x00007ff85e9d0000 - 0x00007ff85ec75000 	C:\Windows\System32\KERNELBASE.dll
0x00007ff85f680000 - 0x00007ff85f723000 	C:\Windows\System32\ADVAPI32.dll
0x00007ff85f260000 - 0x00007ff85f2fe000 	C:\Windows\System32\msvcrt.dll
0x00007ff85f300000 - 0x00007ff85f397000 	C:\Windows\System32\sechost.dll
0x00007ff85fc50000 - 0x00007ff85fd70000 	C:\Windows\System32\RPCRT4.dll
0x00007ff860b60000 - 0x00007ff860cf4000 	C:\Windows\System32\USER32.dll
0x00007ff85e070000 - 0x00007ff85e091000 	C:\Windows\System32\win32u.dll
0x00007ff85f730000 - 0x00007ff85f756000 	C:\Windows\System32\GDI32.dll
0x00007ff85ded0000 - 0x00007ff85e066000 	C:\Windows\System32\gdi32full.dll
0x00007ff85e830000 - 0x00007ff85e8ce000 	C:\Windows\System32\msvcp_win.dll
0x00007ff85e8d0000 - 0x00007ff85e9ca000 	C:\Windows\System32\ucrtbase.dll
0x00007ff84d2a0000 - 0x00007ff84d524000 	C:\Windows\WinSxS\amd64_microsoft.windows.common-controls_6595b64144ccf1df_6.0.18362.1256_none_9e7e379be45e40e2\COMCTL32.dll
0x00007ff8607a0000 - 0x00007ff860ad6000 	C:\Windows\System32\combase.dll
0x00007ff85ede0000 - 0x00007ff85ee61000 	C:\Windows\System32\bcryptPrimitives.dll
0x00007ff85a290000 - 0x00007ff85a29a000 	C:\Windows\SYSTEM32\VERSION.dll
0x00007ff85f230000 - 0x00007ff85f25e000 	C:\Windows\System32\IMM32.DLL
0x00007ff8535a0000 - 0x00007ff8535b6000 	C:\Program Files\Java\jdk-11.0.6\bin\vcruntime140.dll
0x00007ff83d3d0000 - 0x00007ff83d47a000 	C:\Program Files\Java\jdk-11.0.6\bin\msvcp140.dll
0x00007fffff4c0000 - 0x00007ffffffe9000 	C:\Program Files\Java\jdk-11.0.6\bin\server\jvm.dll
0x00007ff860dd0000 - 0x00007ff860dd8000 	C:\Windows\System32\PSAPI.DLL
0x00007ff858770000 - 0x00007ff858779000 	C:\Windows\SYSTEM32\WSOCK32.dll
0x00007ff85fbd0000 - 0x00007ff85fc3f000 	C:\Windows\System32\WS2_32.dll
0x00007ff8557f0000 - 0x00007ff855814000 	C:\Windows\SYSTEM32\WINMM.dll
0x00007ff8557c0000 - 0x00007ff8557ed000 	C:\Windows\SYSTEM32\WINMMBASE.dll
0x00007ff85efc0000 - 0x00007ff85f00a000 	C:\Windows\System32\cfgmgr32.dll
0x00007ff85de60000 - 0x00007ff85de71000 	C:\Windows\System32\kernel.appcore.dll
0x00007ff84b7e0000 - 0x00007ff84b7f1000 	C:\Program Files\Java\jdk-11.0.6\bin\verify.dll
0x00007ff857f00000 - 0x00007ff8580f4000 	C:\Windows\SYSTEM32\DBGHELP.DLL
0x00007ff857ed0000 - 0x00007ff857efa000 	C:\Windows\SYSTEM32\dbgcore.DLL
0x00007ff845080000 - 0x00007ff8450a9000 	C:\Program Files\Java\jdk-11.0.6\bin\java.dll
0x00007ff83d310000 - 0x00007ff83d347000 	C:\Program Files\Java\jdk-11.0.6\bin\jdwp.dll
0x00007ff849520000 - 0x00007ff849536000 	C:\Program Files\Java\jdk-11.0.6\bin\zip.dll
0x00007ff853590000 - 0x00007ff85359a000 	C:\Program Files\Java\jdk-11.0.6\bin\jimage.dll
0x00007ff85ff50000 - 0x00007ff860637000 	C:\Windows\System32\SHELL32.dll
0x00007ff85fea0000 - 0x00007ff85ff49000 	C:\Windows\System32\shcore.dll
0x00007ff85e0a0000 - 0x00007ff85e821000 	C:\Windows\System32\windows.storage.dll
0x00007ff85de10000 - 0x00007ff85de33000 	C:\Windows\System32\profapi.dll
0x00007ff85de80000 - 0x00007ff85deca000 	C:\Windows\System32\powrprof.dll
0x00007ff85de00000 - 0x00007ff85de10000 	C:\Windows\System32\UMPDC.dll
0x00007ff860d70000 - 0x00007ff860dc2000 	C:\Windows\System32\shlwapi.dll
0x00007ff85ece0000 - 0x00007ff85ecf7000 	C:\Windows\System32\cryptsp.dll
0x00007ff849930000 - 0x00007ff84993a000 	C:\Program Files\Java\jdk-11.0.6\bin\dt_socket.dll
0x00007ff85d5a0000 - 0x00007ff85d607000 	C:\Windows\System32\mswsock.dll
0x00007ff85d300000 - 0x00007ff85d3cb000 	C:\Windows\SYSTEM32\DNSAPI.dll
0x00007ff85f0f0000 - 0x00007ff85f0f8000 	C:\Windows\System32\NSI.dll
0x00007ff85d2c0000 - 0x00007ff85d2fa000 	C:\Windows\SYSTEM32\IPHLPAPI.DLL
0x00007ff859620000 - 0x00007ff859697000 	C:\Windows\System32\fwpuclnt.dll
0x00007ff85edb0000 - 0x00007ff85edd6000 	C:\Windows\System32\bcrypt.dll
0x00007ff858380000 - 0x00007ff85838a000 	C:\Windows\System32\rasadhlp.dll
0x00007ff843530000 - 0x00007ff843549000 	C:\Program Files\Java\jdk-11.0.6\bin\net.dll
0x00007ff858980000 - 0x00007ff858a70000 	C:\Windows\SYSTEM32\WINHTTP.dll
0x00007ff843510000 - 0x00007ff843523000 	C:\Program Files\Java\jdk-11.0.6\bin\nio.dll
0x00007ff85d120000 - 0x00007ff85d153000 	C:\Windows\system32\rsaenh.dll
0x00007ff85dd20000 - 0x00007ff85dd45000 	C:\Windows\SYSTEM32\USERENV.dll
0x00007ff85d720000 - 0x00007ff85d72c000 	C:\Windows\SYSTEM32\CRYPTBASE.dll
0x00007ff859dc0000 - 0x00007ff859dd6000 	C:\Windows\SYSTEM32\dhcpcsvc6.DLL
0x00007ff859da0000 - 0x00007ff859dbc000 	C:\Windows\SYSTEM32\dhcpcsvc.DLL
0x00007ff84aeb0000 - 0x00007ff84aeb9000 	C:\Program Files\Java\jdk-11.0.6\bin\management.dll
0x00007ff84acd0000 - 0x00007ff84acdc000 	C:\Program Files\Java\jdk-11.0.6\bin\management_ext.dll
0x00007ff84ac70000 - 0x00007ff84ac86000 	C:\Windows\system32\napinsp.dll
0x00007ff84a1c0000 - 0x00007ff84a1da000 	C:\Windows\system32\pnrpnsp.dll
0x00007ff84ac60000 - 0x00007ff84ac6e000 	C:\Windows\System32\winrnr.dll
0x00007ff8597d0000 - 0x00007ff8597ec000 	C:\Windows\system32\NLAapi.dll
0x00007ff84a1a0000 - 0x00007ff84a1b5000 	C:\Windows\system32\wshbth.dll

dbghelp: loaded successfully - version: 4.0.5 - missing functions: none
symbol engine: initialized successfully - sym options: 0x614 - pdb path: .;C:\Program Files\Java\jdk-11.0.6\bin;C:\Windows\SYSTEM32;C:\Windows\WinSxS\amd64_microsoft.windows.common-controls_6595b64144ccf1df_6.0.18362.1256_none_9e7e379be45e40e2;C:\Program Files\Java\jdk-11.0.6\bin\server

VM Arguments:
jvm_args: -Dorg.gradle.native=false -agentlib:jdwp=transport=dt_socket,server=n,suspend=y,address=58454 -Xmx512m -Dfile.encoding=windows-1252 -Duser.country=GB -Duser.language=en -Duser.variant -ea 
java_command: worker.org.gradle.process.internal.worker.GradleWorkerMain 'Gradle Test Executor 4'
java_class_path (initial): C:\\Users\\User\\.gradle\\caches\\6.7.1\\workerMain\\gradle-worker.jar;C:\\Users\\User\\Desktop\\todo\\build\\classes\\java\\test;C:\\Users\\User\\Desktop\\todo\\build\\resources\\test;C:\\Users\\User\\Desktop\\todo\\build\\classes\\java\\main;C:\\Users\\User\\Desktop\\todo\\build\\resources\\main;C:\\Users\\User\\.gradle\\caches\\modules-2\\files-2.1\\org.springframework.boot\\spring-boot-starter-data-jpa\\2.4.1\\7801874040c4c3050ebd4b5fee572f72e26219b0\\spring-boot-starter-data-jpa-2.4.1.jar;C:\\Users\\User\\.gradle\\caches\\modules-2\\files-2.1\\org.springframework.boot\\spring-boot-starter-web\\2.4.1\\fb70dcc55475177dd404c5577c6d64b6c591c9cd\\spring-boot-starter-web-2.4.1.jar;C:\\Users\\User\\.gradle\\caches\\modules-2\\files-2.1\\junit\\junit\\4.12\\2973d150c0dc1fefe998f834810d68f278ea58ec\\junit-4.12.jar;C:\\Users\\User\\.gradle\\caches\\modules-2\\files-2.1\\org.mapstruct\\mapstruct\\1.3.1.Final\\6ab184bbc7a7029738277a244e4c535fcdc3f558\\mapstruct-1.3.1.Final.jar;C:\\Users\\User\\.gradle\\caches\\modules-2\\files-2.1\\mysql\\mysql-connector-java\\8.0.22\\ec8bfce16c8bd18d6cb598b1147aa145be1408f\\mysql-connector-java-8.0.22.jar;C:\\Users\\User\\.gradle\\caches\\modules-2\\files-2.1\\org.springframework.boot\\spring-boot-starter-test\\2.4.1\\50147ab5f3b431a397d27e2c0af313b9147cd058\\spring-boot-starter-test-2.4.1.jar;C:\\Users\\User\\.gradle\\caches\\modules-2\\files-2.1\\org.springframework.boot\\spring-boot-starter-aop\\2.4.1\\316d517012a03f9c039301f6013bbd952571e10f\\spring-boot-starter-aop-2.4.1.jar;C:\\Users\\User\\.gradle\\caches\\modules-2\\files-2.1\\org.springframework.boot\\spring-boot-starter-jdbc\\2.4.1\\8bce44479b03c6418f91370063ca770ca3ec6184\\spring-boot-starter-jdbc-2.4.1.jar;C:\\Users\\User\\.gradle\\caches\\modules-2\\files-2.1\\jakarta.transaction\\jakarta.transaction-api\\1.3.3\\c4179d48720a1e87202115fbed6089bdc4195405\\jakarta.transaction-api-1.3.3.jar;C:\\Users\\User\\.gradle\\caches\\modules-2\\files-2.1\\jakar
Launcher Type: SUN_STANDARD

[Global flags]
     intx CICompilerCount                          = 4                                         {product} {ergonomic}
     uint ConcGCThreads                            = 2                                         {product} {ergonomic}
     uint G1ConcRefinementThreads                  = 8                                         {product} {ergonomic}
   size_t G1HeapRegionSize                         = 1048576                                   {product} {ergonomic}
    uintx GCDrainStackTargetSize                   = 64                                        {product} {ergonomic}
   size_t InitialHeapSize                          = 266338304                                 {product} {ergonomic}
   size_t MarkStackSize                            = 4194304                                   {product} {ergonomic}
   size_t MaxHeapSize                              = 536870912                                 {product} {command line}
   size_t MaxNewSize                               = 321912832                                 {product} {ergonomic}
   size_t MinHeapDeltaBytes                        = 1048576                                   {product} {ergonomic}
    uintx NonNMethodCodeHeapSize                   = 5836300                                {pd product} {ergonomic}
    uintx NonProfiledCodeHeapSize                  = 122910970                              {pd product} {ergonomic}
    uintx ProfiledCodeHeapSize                     = 122910970                              {pd product} {ergonomic}
    uintx ReservedCodeCacheSize                    = 251658240                              {pd product} {ergonomic}
     bool SegmentedCodeCache                       = true                                      {product} {ergonomic}
     bool UseCompressedClassPointers               = true                                 {lp64_product} {ergonomic}
     bool UseCompressedOops                        = true                                 {lp64_product} {ergonomic}
     bool UseG1GC                                  = true                                      {product} {ergonomic}
     bool UseLargePagesIndividualAllocation        = false                                  {pd product} {ergonomic}

Logging:
Log output configuration:
 #0: stdout all=warning uptime,level,tags
 #1: stderr all=off uptime,level,tags

Environment Variables:
PATH=C:\Windows\system32;C:\Windows;C:\Windows\System32\Wbem;C:\Windows\System32\WindowsPowerShell\v1.0\;C:\Windows\System32\OpenSSH\;C:\Program Files\NVIDIA Corporation\NVIDIA NGX;C:\Program Files (x86)\NVIDIA Corporation\PhysX\Common;C:\Program Files\Git\cmd;C:\Program Files\PuTTY\;C:\Program Files\Docker\Docker\resources\bin;C:\ProgramData\DockerDesktop\version-bin;C:\Users\User\AppData\Local\Microsoft\WindowsApps;
USERNAME=User
OS=Windows_NT
PROCESSOR_IDENTIFIER=Intel64 Family 6 Model 158 Stepping 13, GenuineIntel



---------------  S Y S T E M  ---------------

OS: Windows 10 , 64 bit Build 18362 (10.0.18362.1110)

CPU:total 8 (initial active 8) (8 cores per cpu, 1 threads per core) family 6 model 158 stepping 13, cmov, cx8, fxsr, mmx, sse, sse2, sse3, ssse3, sse4.1, sse4.2, popcnt, avx, avx2, aes, clmul, erms, rtm, 3dnowpref, lzcnt, tsc, tscinvbit, bmi1, bmi2, adx, fma

Memory: 4k page, system-wide physical 16223M (2158M free)
TotalPageFile size 31065M (AvailPageFile size 5403M)
current process WorkingSet (physical memory assigned to process): 172M, peak: 229M
current process commit charge ("private bytes"): 393M, peak: 448M

vm_info: Java HotSpot(TM) 64-Bit Server VM (11.0.6+8-LTS) for windows-amd64 JRE (11.0.6+8-LTS), built on Dec 11 2019 09:17:57 by "mach5one" with MS VC++ 15.5 (VS2017)

END.
